<?xml version="1.0" encoding="UTF-8"?>
<!-- Generated by org.testng.reporters.JUnitReportReporter -->
<testsuite skipped="0" hostname="Chris" name="common.tests.ShippingReturnsFAQMenuOptions" tests="1" failures="0" timestamp="22 Jan 2018 03:42:33 GMT" time="23.914" errors="0">
  <testcase name="temp8" time="23.914" classname="common.tests.ShippingReturnsFAQMenuOptions"/>
</testsuite> <!-- common.tests.ShippingReturnsFAQMenuOptions -->
