<?xml version="1.0" encoding="UTF-8"?>
<!-- Generated by org.testng.reporters.JUnitReportReporter -->
<testsuite skipped="0" hostname="Chris" name="common.tests.ClothingSubMenuLinks" tests="1" failures="0" timestamp="22 Jan 2018 03:42:32 GMT" time="10.232" errors="0">
  <testcase name="temp7" time="10.232" classname="common.tests.ClothingSubMenuLinks"/>
</testsuite> <!-- common.tests.ClothingSubMenuLinks -->
