<?xml version="1.0" encoding="UTF-8"?>
<!-- Generated by org.testng.reporters.JUnitReportReporter -->
<testsuite skipped="0" hostname="Chris" name="common.tests.GiftingFAQMenuOptions" tests="1" failures="0" timestamp="19 Jan 2018 22:10:03 GMT" time="13.599" errors="0">
  <testcase name="temp22" time="13.599" classname="common.tests.GiftingFAQMenuOptions"/>
</testsuite> <!-- common.tests.GiftingFAQMenuOptions -->
