<?xml version="1.0" encoding="UTF-8"?>
<!-- Generated by org.testng.reporters.JUnitReportReporter -->
<testsuite skipped="0" hostname="Chris" name="common.tests.ClothingFAQMenuOptions" tests="1" failures="0" timestamp="22 Jan 2018 03:42:32 GMT" time="15.092" errors="0">
  <testcase name="temp6" time="15.092" classname="common.tests.ClothingFAQMenuOptions"/>
</testsuite> <!-- common.tests.ClothingFAQMenuOptions -->
