<?xml version="1.0" encoding="UTF-8"?>
<!-- Generated by org.testng.reporters.JUnitReportReporter -->
<testsuite skipped="0" hostname="Chris" name="common.tests.OurStylistsFAQMenuOptions" tests="1" failures="0" timestamp="22 Jan 2018 03:42:33 GMT" time="6.207" errors="0">
  <testcase name="temp12" time="6.207" classname="common.tests.OurStylistsFAQMenuOptions"/>
</testsuite> <!-- common.tests.OurStylistsFAQMenuOptions -->
