<?xml version="1.0" encoding="UTF-8"?>
<!-- Generated by org.testng.reporters.JUnitReportReporter -->
<testsuite skipped="0" hostname="Chris" name="common.tests.GiftingSubMenuLinks" tests="1" failures="0" timestamp="19 Jan 2018 22:10:04 GMT" time="93.521" errors="0">
  <testcase name="temp23" time="93.521" classname="common.tests.GiftingSubMenuLinks"/>
</testsuite> <!-- common.tests.GiftingSubMenuLinks -->
