<?xml version="1.0" encoding="UTF-8"?>
<!-- Generated by org.testng.reporters.JUnitReportReporter -->
<testsuite skipped="0" hostname="Chris" name="common.tests.TrunksFAQMenuOptions" tests="1" failures="0" timestamp="22 Jan 2018 03:42:32 GMT" time="18.595" errors="0">
  <testcase name="temp16" time="18.595" classname="common.tests.TrunksFAQMenuOptions"/>
</testsuite> <!-- common.tests.TrunksFAQMenuOptions -->
