<?xml version="1.0" encoding="UTF-8"?>
<!-- Generated by org.testng.reporters.JUnitReportReporter -->
<testsuite skipped="0" hostname="Chris" name="common.tests.AlterationsSubMenuLinks" tests="1" failures="0" timestamp="19 Jan 2018 22:10:04 GMT" time="3.110" errors="0">
  <testcase name="temp19" time="3.110" classname="common.tests.AlterationsSubMenuLinks"/>
</testsuite> <!-- common.tests.AlterationsSubMenuLinks -->
