<?xml version="1.0" encoding="UTF-8"?>
<!-- Generated by org.testng.reporters.JUnitReportReporter -->
<testsuite skipped="0" hostname="Chris" name="common.tests.CustomFAQMenuOptions" tests="1" failures="0" timestamp="22 Jan 2018 03:42:33 GMT" time="48.837" errors="0">
  <testcase name="temp14" time="48.837" classname="common.tests.CustomFAQMenuOptions"/>
</testsuite> <!-- common.tests.CustomFAQMenuOptions -->
