<?xml version="1.0" encoding="UTF-8"?>
<!-- Generated by org.testng.reporters.JUnitReportReporter -->
<testsuite skipped="0" hostname="Chris" name="common.tests.ShippingReturnsSubMenuLinks" tests="1" failures="0" timestamp="19 Jan 2018 22:10:04 GMT" time="5.274" errors="0">
  <testcase name="temp9" time="5.274" classname="common.tests.ShippingReturnsSubMenuLinks"/>
</testsuite> <!-- common.tests.ShippingReturnsSubMenuLinks -->
