<?xml version="1.0" encoding="UTF-8"?>
<!-- Generated by org.testng.reporters.JUnitReportReporter -->
<testsuite skipped="0" hostname="Chris" name="common.tests.LocationsSubMenuLinks" tests="1" failures="0" timestamp="22 Jan 2018 03:42:33 GMT" time="7.157" errors="0">
  <testcase name="temp21" time="7.157" classname="common.tests.LocationsSubMenuLinks"/>
</testsuite> <!-- common.tests.LocationsSubMenuLinks -->
