<?xml version="1.0" encoding="UTF-8"?>
<!-- Generated by org.testng.reporters.JUnitReportReporter -->
<testsuite skipped="0" hostname="Chris" name="common.tests.ShippingReturnsSubMenuLinks" tests="1" failures="0" timestamp="22 Jan 2018 03:42:33 GMT" time="76.919" errors="0">
  <testcase name="temp9" time="76.919" classname="common.tests.ShippingReturnsSubMenuLinks"/>
</testsuite> <!-- common.tests.ShippingReturnsSubMenuLinks -->
