<?xml version="1.0" encoding="UTF-8"?>
<!-- Generated by org.testng.reporters.JUnitReportReporter -->
<testsuite skipped="0" hostname="Chris" name="common.tests.PricingSubMenuLinks" tests="1" failures="0" timestamp="19 Jan 2018 22:10:03 GMT" time="8.824" errors="0">
  <testcase name="temp5" time="8.824" classname="common.tests.PricingSubMenuLinks"/>
</testsuite> <!-- common.tests.PricingSubMenuLinks -->
