<?xml version="1.0" encoding="UTF-8"?>
<!-- Generated by org.testng.reporters.JUnitReportReporter -->
<testsuite skipped="0" hostname="Chris" name="common.tests.LocationsFAQMenuOptions" tests="1" failures="0" timestamp="19 Jan 2018 22:10:03 GMT" time="4.692" errors="0">
  <testcase name="temp20" time="4.692" classname="common.tests.LocationsFAQMenuOptions"/>
</testsuite> <!-- common.tests.LocationsFAQMenuOptions -->
