<?xml version="1.0" encoding="UTF-8"?>
<!-- Generated by org.testng.reporters.JUnitReportReporter -->
<testsuite skipped="0" hostname="Chris" name="common.tests.OurStylistsSubMenuLinks" tests="1" failures="0" timestamp="22 Jan 2018 03:42:32 GMT" time="8.261" errors="0">
  <testcase name="temp13" time="8.261" classname="common.tests.OurStylistsSubMenuLinks"/>
</testsuite> <!-- common.tests.OurStylistsSubMenuLinks -->
