<?xml version="1.0" encoding="UTF-8"?>
<!-- Generated by org.testng.reporters.JUnitReportReporter -->
<testsuite skipped="0" hostname="Chris" name="common.tests.LocationsSubMenuLinks" tests="1" failures="0" timestamp="19 Jan 2018 22:10:03 GMT" time="5.388" errors="0">
  <testcase name="temp21" time="5.388" classname="common.tests.LocationsSubMenuLinks"/>
</testsuite> <!-- common.tests.LocationsSubMenuLinks -->
