<?xml version="1.0" encoding="UTF-8"?>
<!-- Generated by org.testng.reporters.JUnitReportReporter -->
<testsuite skipped="0" hostname="Chris" name="common.tests.GiftingFAQMenuOptions" tests="1" failures="0" timestamp="22 Jan 2018 03:42:32 GMT" time="15.760" errors="0">
  <testcase name="temp22" time="15.760" classname="common.tests.GiftingFAQMenuOptions"/>
</testsuite> <!-- common.tests.GiftingFAQMenuOptions -->
