<?xml version="1.0" encoding="UTF-8"?>
<!-- Generated by org.testng.reporters.JUnitReportReporter -->
<testsuite skipped="0" hostname="Chris" name="common.tests.CustomSubMenuLinks" tests="1" failures="0" timestamp="19 Jan 2018 22:10:04 GMT" time="2.916" errors="0">
  <testcase name="temp15" time="2.916" classname="common.tests.CustomSubMenuLinks"/>
</testsuite> <!-- common.tests.CustomSubMenuLinks -->
