<?xml version="1.0" encoding="UTF-8"?>
<!-- Generated by org.testng.reporters.JUnitReportReporter -->
<testsuite skipped="0" hostname="Chris" name="common.tests.AlterationsFAQMenuOptions" tests="1" failures="0" timestamp="22 Jan 2018 03:42:32 GMT" time="494.204" errors="0">
  <testcase name="temp18" time="494.204" classname="common.tests.AlterationsFAQMenuOptions"/>
</testsuite> <!-- common.tests.AlterationsFAQMenuOptions -->
