<?xml version="1.0" encoding="UTF-8"?>
<!-- Generated by org.testng.reporters.JUnitReportReporter -->
<testsuite skipped="0" hostname="Chris" name="common.tests.HeaderMenuOptions" tests="1" failures="0" timestamp="19 Jan 2018 22:10:04 GMT" time="74.155" errors="0">
  <testcase name="temp" time="74.155" classname="common.tests.HeaderMenuOptions"/>
</testsuite> <!-- common.tests.HeaderMenuOptions -->
