<?xml version="1.0" encoding="UTF-8"?>
<!-- Generated by org.testng.reporters.JUnitReportReporter -->
<testsuite skipped="0" hostname="Chris" name="common.tests.GeneralFAQMenuOptions" tests="1" failures="0" timestamp="19 Jan 2018 22:10:03 GMT" time="5.379" errors="0">
  <testcase name="temp2" time="5.379" classname="common.tests.GeneralFAQMenuOptions"/>
</testsuite> <!-- common.tests.GeneralFAQMenuOptions -->
