<?xml version="1.0" encoding="UTF-8"?>
<!-- Generated by org.testng.reporters.JUnitReportReporter -->
<testsuite skipped="0" hostname="Chris" name="common.tests.StylingFeeFAQMenuOptions" tests="1" failures="0" timestamp="22 Jan 2018 03:42:33 GMT" time="4.589" errors="0">
  <testcase name="temp10" time="4.589" classname="common.tests.StylingFeeFAQMenuOptions"/>
</testsuite> <!-- common.tests.StylingFeeFAQMenuOptions -->
