<?xml version="1.0" encoding="UTF-8"?>
<!-- Generated by org.testng.reporters.JUnitReportReporter -->
<testsuite skipped="0" hostname="Chris" name="common.TestNGFiles.TestNGFile1" tests="1" failures="0" timestamp="15 Jan 2018 07:14:22 GMT" time="0.032" errors="0">
  <testcase name="HeaderMenuOptions" time="0.032" classname="common.TestNGFiles.TestNGFile1"/>
</testsuite> <!-- common.TestNGFiles.TestNGFile1 -->
