<?xml version="1.0" encoding="UTF-8"?>
<!-- Generated by org.testng.reporters.JUnitReportReporter -->
<testsuite skipped="0" hostname="Chris" name="common.tests.PricingSubMenuLinks" tests="1" failures="0" timestamp="22 Jan 2018 03:42:32 GMT" time="4.501" errors="0">
  <testcase name="temp5" time="4.501" classname="common.tests.PricingSubMenuLinks"/>
</testsuite> <!-- common.tests.PricingSubMenuLinks -->
