<?xml version="1.0" encoding="UTF-8"?>
<!-- Generated by org.testng.reporters.JUnitReportReporter -->
<testsuite skipped="0" hostname="Chris" name="common.tests.AlterationsSubMenuLinks" tests="1" failures="0" timestamp="22 Jan 2018 03:42:33 GMT" time="11.770" errors="0">
  <testcase name="temp19" time="11.770" classname="common.tests.AlterationsSubMenuLinks"/>
</testsuite> <!-- common.tests.AlterationsSubMenuLinks -->
