<?xml version="1.0" encoding="UTF-8"?>
<!-- Generated by org.testng.reporters.JUnitReportReporter -->
<testsuite skipped="0" hostname="Chris" name="common.tests.GiftingSubMenuLinks" tests="1" failures="0" timestamp="22 Jan 2018 03:42:33 GMT" time="7.953" errors="0">
  <testcase name="temp23" time="7.953" classname="common.tests.GiftingSubMenuLinks"/>
</testsuite> <!-- common.tests.GiftingSubMenuLinks -->
