<?xml version="1.0" encoding="UTF-8"?>
<!-- Generated by org.testng.reporters.JUnitReportReporter -->
<testsuite skipped="0" hostname="Chris" name="common.tests.PricingFAQMenuOptions" tests="1" failures="0" timestamp="19 Jan 2018 22:10:03 GMT" time="11.307" errors="0">
  <testcase name="temp4" time="11.307" classname="common.tests.PricingFAQMenuOptions"/>
</testsuite> <!-- common.tests.PricingFAQMenuOptions -->
