<?xml version="1.0" encoding="UTF-8"?>
<!-- Generated by org.testng.reporters.JUnitReportReporter -->
<testsuite skipped="0" hostname="Chris" name="common.tests.CustomSubMenuLinks" tests="1" failures="0" timestamp="22 Jan 2018 03:42:33 GMT" time="160.889" errors="0">
  <testcase name="temp15" time="160.889" classname="common.tests.CustomSubMenuLinks"/>
</testsuite> <!-- common.tests.CustomSubMenuLinks -->
