<?xml version="1.0" encoding="UTF-8"?>
<!-- Generated by org.testng.reporters.JUnitReportReporter -->
<testsuite skipped="0" hostname="Chris" name="common.tests.StylingFeeSubMenuLinks" tests="1" failures="0" timestamp="19 Jan 2018 22:10:04 GMT" time="1.439" errors="0">
  <testcase name="temp11" time="1.439" classname="common.tests.StylingFeeSubMenuLinks"/>
</testsuite> <!-- common.tests.StylingFeeSubMenuLinks -->
