<?xml version="1.0" encoding="UTF-8"?>
<!-- Generated by org.testng.reporters.JUnitReportReporter -->
<testsuite skipped="0" hostname="Chris" name="common.tests.StylingFeeFAQMenuOptions" tests="1" failures="0" timestamp="19 Jan 2018 22:10:03 GMT" time="3.089" errors="0">
  <testcase name="temp10" time="3.089" classname="common.tests.StylingFeeFAQMenuOptions"/>
</testsuite> <!-- common.tests.StylingFeeFAQMenuOptions -->
