<?xml version="1.0" encoding="UTF-8"?>
<!-- Generated by org.testng.reporters.JUnitReportReporter -->
<testsuite skipped="0" hostname="Chris" name="common.tests.GeneralSubMenuOptions" tests="1" failures="0" timestamp="19 Jan 2018 22:10:03 GMT" time="13.959" errors="0">
  <testcase name="temp3" time="13.959" classname="common.tests.GeneralSubMenuOptions"/>
</testsuite> <!-- common.tests.GeneralSubMenuOptions -->
