<?xml version="1.0" encoding="UTF-8"?>
<!-- Generated by org.testng.reporters.JUnitReportReporter -->
<testsuite skipped="0" hostname="Chris" name="common.tests.HeaderMenuOptions" tests="1" failures="0" timestamp="22 Jan 2018 03:42:33 GMT" time="48.585" errors="0">
  <testcase name="temp" time="48.585" classname="common.tests.HeaderMenuOptions"/>
</testsuite> <!-- common.tests.HeaderMenuOptions -->
