<?xml version="1.0" encoding="UTF-8"?>
<!-- Generated by org.testng.reporters.JUnitReportReporter -->
<testsuite skipped="0" hostname="Chris" name="common.tests.StylingFeeSubMenuLinks" tests="1" failures="0" timestamp="22 Jan 2018 03:42:33 GMT" time="2.009" errors="0">
  <testcase name="temp11" time="2.009" classname="common.tests.StylingFeeSubMenuLinks"/>
</testsuite> <!-- common.tests.StylingFeeSubMenuLinks -->
